Using pre-set license
Built from '2022.3/staging' branch; Version is '2022.3.24f1 (334eb2a0b267) revision 3362482'; Using compiler version '192829333'; Build Type 'Release'
OS: 'Windows 11  (10.0.26100) 64bit CoreSingleLanguage' Language: 'es' Physical Memory: 32586 MB
BatchMode: 1, IsHumanControllingUs: 0, StartBugReporterOnCrash: 0, Is64bit: 1, IsPro: 1

COMMAND LINE ARGUMENTS:
C:\Program Files\Unity\Hub\Editor\2022.3.24f1\Editor\Unity.exe
-adb2
-batchMode
-noUpm
-name
AssetImportWorker4
-projectPath
C:/Users/juano/Desktop/unity/copy/juego_terror/THE MADNESS - copia
-logFile
Logs/AssetImportWorker4.log
-srvPort
50284
Successfully changed project path to: C:/Users/juano/Desktop/unity/copy/juego_terror/THE MADNESS - copia
C:/Users/juano/Desktop/unity/copy/juego_terror/THE MADNESS - copia
[UnityMemory] Configuration Parameters - Can be set up in boot.config
    "memorysetup-bucket-allocator-granularity=16"
    "memorysetup-bucket-allocator-bucket-count=8"
    "memorysetup-bucket-allocator-block-size=33554432"
    "memorysetup-bucket-allocator-block-count=8"
    "memorysetup-main-allocator-block-size=16777216"
    "memorysetup-thread-allocator-block-size=16777216"
    "memorysetup-gfx-main-allocator-block-size=16777216"
    "memorysetup-gfx-thread-allocator-block-size=16777216"
    "memorysetup-cache-allocator-block-size=4194304"
    "memorysetup-typetree-allocator-block-size=2097152"
    "memorysetup-profiler-bucket-allocator-granularity=16"
    "memorysetup-profiler-bucket-allocator-bucket-count=8"
    "memorysetup-profiler-bucket-allocator-block-size=33554432"
    "memorysetup-profiler-bucket-allocator-block-count=8"
    "memorysetup-profiler-allocator-block-size=16777216"
    "memorysetup-profiler-editor-allocator-block-size=1048576"
    "memorysetup-temp-allocator-size-main=16777216"
    "memorysetup-job-temp-allocator-block-size=2097152"
    "memorysetup-job-temp-allocator-block-size-background=1048576"
    "memorysetup-job-temp-allocator-reduction-small-platforms=262144"
    "memorysetup-allocator-temp-initial-block-size-main=262144"
    "memorysetup-allocator-temp-initial-block-size-worker=262144"
    "memorysetup-temp-allocator-size-background-worker=32768"
    "memorysetup-temp-allocator-size-job-worker=262144"
    "memorysetup-temp-allocator-size-preload-manager=33554432"
    "memorysetup-temp-allocator-size-nav-mesh-worker=65536"
    "memorysetup-temp-allocator-size-audio-worker=65536"
    "memorysetup-temp-allocator-size-cloud-worker=32768"
    "memorysetup-temp-allocator-size-gi-baking-worker=262144"
    "memorysetup-temp-allocator-size-gfx=262144"
Player connection [18068] Host "[IP] 192.168.80.70 [Port] 0 [Flags] 2 [Guid] 3784223561 [EditorId] 3784223561 [Version] 1048832 [Id] WindowsEditor(7,LAPTOP-T19HLG7V) [Debug] 1 [PackageName] WindowsEditor [ProjectName] Editor" joined multi-casting on [225.0.0.222:54997]...

Player connection [18068] Host "[IP] 192.168.80.70 [Port] 0 [Flags] 2 [Guid] 3784223561 [EditorId] 3784223561 [Version] 1048832 [Id] WindowsEditor(7,LAPTOP-T19HLG7V) [Debug] 1 [PackageName] WindowsEditor [ProjectName] Editor" joined alternative multi-casting on [225.0.0.222:34997]...

[Physics::Module] Initialized MultithreadedJobDispatcher with 15 workers.
Refreshing native plugins compatible for Editor in 12.68 ms, found 3 plugins.
Preloading 0 native plugins for Editor in 0.00 ms.
Initialize engine version: 2022.3.24f1 (334eb2a0b267)
[Subsystems] Discovering subsystems at path C:/Program Files/Unity/Hub/Editor/2022.3.24f1/Editor/Data/Resources/UnitySubsystems
[Subsystems] Discovering subsystems at path C:/Users/juano/Desktop/unity/copy/juego_terror/THE MADNESS - copia/Assets
GfxDevice: creating device client; threaded=0; jobified=0
Direct3D:
    Version:  Direct3D 11.0 [level 11.1]
    Renderer: NVIDIA GeForce RTX 3050 Laptop GPU (ID=0x25a2)
    Vendor:   NVIDIA
    VRAM:     3964 MB
    Driver:   32.0.15.6607
Initialize mono
Mono path[0] = 'C:/Program Files/Unity/Hub/Editor/2022.3.24f1/Editor/Data/Managed'
Mono path[1] = 'C:/Program Files/Unity/Hub/Editor/2022.3.24f1/Editor/Data/MonoBleedingEdge/lib/mono/unityjit-win32'
Mono config path = 'C:/Program Files/Unity/Hub/Editor/2022.3.24f1/Editor/Data/MonoBleedingEdge/etc'
Using monoOptions --debugger-agent=transport=dt_socket,embedding=1,server=y,suspend=n,address=127.0.0.1:56364
Begin MonoManager ReloadAssembly
Registering precompiled unity dll's ...
Register platform support module: C:/Program Files/Unity/Hub/Editor/2022.3.24f1/Editor/Data/PlaybackEngines/WebGLSupport/UnityEditor.WebGL.Extensions.dll
Register platform support module: C:/Program Files/Unity/Hub/Editor/2022.3.24f1/Editor/Data/PlaybackEngines/MacStandaloneSupport/UnityEditor.OSXStandalone.Extensions.dll
Register platform support module: C:/Program Files/Unity/Hub/Editor/2022.3.24f1/Editor/Data/PlaybackEngines/WindowsStandaloneSupport/UnityEditor.WindowsStandalone.Extensions.dll
Register platform support module: C:/Program Files/Unity/Hub/Editor/2022.3.24f1/Editor/Data/PlaybackEngines/MetroSupport/UnityEditor.UWP.Extensions.dll
Registered in 0.013881 seconds.
- Loaded All Assemblies, in  0.299 seconds
Native extension for UWP target not found
Native extension for WindowsStandalone target not found
Native extension for OSXStandalone target not found
Native extension for WebGL target not found
Mono: successfully reloaded assembly
- Finished resetting the current domain, in  0.232 seconds
Domain Reload Profiling: 528ms
	BeginReloadAssembly (86ms)
		ExecutionOrderSort (0ms)
		DisableScriptedObjects (0ms)
		BackupInstance (0ms)
		ReleaseScriptingObjects (0ms)
		CreateAndSetChildDomain (1ms)
	RebuildCommonClasses (28ms)
	RebuildNativeTypeToScriptingClass (8ms)
	initialDomainReloadingComplete (61ms)
	LoadAllAssembliesAndSetupDomain (113ms)
		LoadAssemblies (85ms)
		RebuildTransferFunctionScriptingTraits (0ms)
		AnalyzeDomain (111ms)
			TypeCache.Refresh (110ms)
				TypeCache.ScanAssembly (99ms)
			ScanForSourceGeneratedMonoScriptInfo (0ms)
			ResolveRequiredComponents (0ms)
	FinalizeReload (232ms)
		ReleaseScriptCaches (0ms)
		RebuildScriptCaches (0ms)
		SetupLoadedEditorAssemblies (186ms)
			LogAssemblyErrors (0ms)
			InitializePlatformSupportModulesInManaged (17ms)
			SetLoadedEditorAssemblies (5ms)
			RefreshPlugins (0ms)
			BeforeProcessingInitializeOnLoad (2ms)
			ProcessInitializeOnLoadAttributes (122ms)
			ProcessInitializeOnLoadMethodAttributes (40ms)
			AfterProcessingInitializeOnLoad (0ms)
			EditorAssembliesLoaded (0ms)
		ExecutionOrderSort2 (0ms)
		AwakeInstancesAfterBackupRestoration (0ms)
========================================================================
Worker process is ready to serve import requests
Begin MonoManager ReloadAssembly
- Loaded All Assemblies, in  0.546 seconds
Refreshing native plugins compatible for Editor in 5.13 ms, found 3 plugins.
Native extension for UWP target not found
Native extension for WindowsStandalone target not found
Native extension for OSXStandalone target not found
Native extension for WebGL target not found
Mono: successfully reloaded assembly
- Finished resetting the current domain, in  0.566 seconds
Domain Reload Profiling: 1108ms
	BeginReloadAssembly (118ms)
		ExecutionOrderSort (0ms)
		DisableScriptedObjects (4ms)
		BackupInstance (0ms)
		ReleaseScriptingObjects (0ms)
		CreateAndSetChildDomain (18ms)
	RebuildCommonClasses (27ms)
	RebuildNativeTypeToScriptingClass (8ms)
	initialDomainReloadingComplete (38ms)
	LoadAllAssembliesAndSetupDomain (351ms)
		LoadAssemblies (272ms)
		RebuildTransferFunctionScriptingTraits (0ms)
		AnalyzeDomain (146ms)
			TypeCache.Refresh (120ms)
				TypeCache.ScanAssembly (108ms)
			ScanForSourceGeneratedMonoScriptInfo (17ms)
			ResolveRequiredComponents (8ms)
	FinalizeReload (566ms)
		ReleaseScriptCaches (0ms)
		RebuildScriptCaches (0ms)
		SetupLoadedEditorAssemblies (436ms)
			LogAssemblyErrors (0ms)
			InitializePlatformSupportModulesInManaged (13ms)
			SetLoadedEditorAssemblies (4ms)
			RefreshPlugins (0ms)
			BeforeProcessingInitializeOnLoad (74ms)
			ProcessInitializeOnLoadAttributes (281ms)
			ProcessInitializeOnLoadMethodAttributes (55ms)
			AfterProcessingInitializeOnLoad (8ms)
			EditorAssembliesLoaded (0ms)
		ExecutionOrderSort2 (0ms)
		AwakeInstancesAfterBackupRestoration (6ms)
Launched and connected shader compiler UnityShaderCompiler.exe after 0.05 seconds
Refreshing native plugins compatible for Editor in 4.50 ms, found 3 plugins.
Preloading 0 native plugins for Editor in 0.00 ms.
Unloading 5178 Unused Serialized files (Serialized files now loaded: 0)
Unloading 78 unused Assets / (2.1 MB). Loaded Objects now: 5635.
Memory consumption went from 226.6 MB to 224.5 MB.
Total: 3.651200 ms (FindLiveObjects: 0.407400 ms CreateObjectMapping: 0.177100 ms MarkObjects: 2.589000 ms  DeleteObjects: 0.476800 ms)

AssetImportParameters requested are different than current active one (requested -> active):
  custom:container-demuxer-ogg: 62fdf1f143b41e24485cea50d1cbac27 -> 
  custom:video-codec-MediaFoundation-h265: 746d11721c4dcdbdad8f713fa42b33f4 -> 
  custom:video-decoder-ogg-theora: a1e56fd34408186e4bbccfd4996cb3dc -> 
  custom:framework-win-MediaFoundation: 216162199b28c13a410421893ffa2e32 -> 
  custom:CustomObjectIndexerAttribute: 3ead1caaecf1c488f20bcfeb224b6af5 -> 
  custom:container-demuxer-webm: 4f35f7cbe854078d1ac9338744f61a02 -> 
  custom:container-muxer-webm: aa71ff27fc2769a1b78a27578f13a17b -> 
  custom:video-decoder-webm-vp8: 9c59270c3fd7afecdb556c50c9e8de78 -> 
  custom:SearchIndexIgnoredProperties: e643bd26f0fe6173181afceb89e7c659 -> 
  custom:AudioImporter_EditorPlatform: d09bf68614088b80899f8185d706f6e7 -> 
  custom:video-encoder-webm-vp8: eb34c28f22e8b96e1ab97ce403110664 -> 
  custom:audio-decoder-ogg-vorbis: bf7c407c2cedff20999df2af8eb42d56 -> 
  custom:audio-encoder-webm-vorbis: bf7c407c2cedff20999df2af8eb42d56 -> 
========================================================================
Received Import Request.
  Time since last request: 2436.671547 seconds.
  path: Assets/Tom's Terrain Tools/Example Data
  artifactKey: Guid(55511344331e3487d90f98b8bd6d32bc) Importer(815301076,1909f56bfc062723c751e8b465ee728b)
Start importing Assets/Tom's Terrain Tools/Example Data using Guid(55511344331e3487d90f98b8bd6d32bc) Importer(815301076,1909f56bfc062723c751e8b465ee728b)  -> (artifact id: '4d393ade74c453d469311589d148aabe') in 0.001939 seconds
Number of updated asset objects reloaded before import = 0
Number of asset objects unloaded after import = 0
========================================================================
Received Import Request.
  Time since last request: 0.055524 seconds.
  path: Assets/Tom's Terrain Tools/Example Data/1-bushmap.tif
  artifactKey: Guid(9cf1b056872e14e2e8b74155278345b8) Importer(815301076,1909f56bfc062723c751e8b465ee728b)
Start importing Assets/Tom's Terrain Tools/Example Data/1-bushmap.tif using Guid(9cf1b056872e14e2e8b74155278345b8) Importer(815301076,1909f56bfc062723c751e8b465ee728b)  -> (artifact id: '3b708b0df2b9a65096fd7115a3302013') in 0.221123 seconds
Number of updated asset objects reloaded before import = 0
Number of asset objects unloaded after import = 2
========================================================================
Received Import Request.
  Time since last request: 0.000017 seconds.
  path: Assets/Tom's Terrain Tools/Example Data/3-spawnmap.tif
  artifactKey: Guid(48512632e327c426487e139e01db60d6) Importer(815301076,1909f56bfc062723c751e8b465ee728b)
Start importing Assets/Tom's Terrain Tools/Example Data/3-spawnmap.tif using Guid(48512632e327c426487e139e01db60d6) Importer(815301076,1909f56bfc062723c751e8b465ee728b)  -> (artifact id: 'a356073e4f857e3801459c0db83e3a6a') in 0.011391 seconds
Number of updated asset objects reloaded before import = 0
Number of asset objects unloaded after import = 2
========================================================================
Received Import Request.
  Time since last request: 0.000020 seconds.
  path: Assets/Tom's Terrain Tools/Example Data/1-treemap.tif
  artifactKey: Guid(1de7badcba3dc4e12b101d1fc91946e0) Importer(815301076,1909f56bfc062723c751e8b465ee728b)
Start importing Assets/Tom's Terrain Tools/Example Data/1-treemap.tif using Guid(1de7badcba3dc4e12b101d1fc91946e0) Importer(815301076,1909f56bfc062723c751e8b465ee728b)  -> (artifact id: 'b0d399695d04f737ff4d5a449f0857d8') in 0.006901 seconds
Number of updated asset objects reloaded before import = 0
Number of asset objects unloaded after import = 2
========================================================================
Received Import Request.
  Time since last request: 0.000014 seconds.
  path: Assets/Tom's Terrain Tools/Example Data/3-roads.png
  artifactKey: Guid(cd17fcf75cca1454dbd28eb2406833be) Importer(815301076,1909f56bfc062723c751e8b465ee728b)
Start importing Assets/Tom's Terrain Tools/Example Data/3-roads.png using Guid(cd17fcf75cca1454dbd28eb2406833be) Importer(815301076,1909f56bfc062723c751e8b465ee728b)  -> (artifact id: '772eb927a2b2c13ac6839ff1c60a8c4b') in 0.005686 seconds
Number of updated asset objects reloaded before import = 0
Number of asset objects unloaded after import = 2
========================================================================
Received Import Request.
  Time since last request: 0.000015 seconds.
  path: Assets/Tom's Terrain Tools/Example Data/2-spawnmap.tif
  artifactKey: Guid(67790b7e4a86448178a9309b17359524) Importer(815301076,1909f56bfc062723c751e8b465ee728b)
Start importing Assets/Tom's Terrain Tools/Example Data/2-spawnmap.tif using Guid(67790b7e4a86448178a9309b17359524) Importer(815301076,1909f56bfc062723c751e8b465ee728b)  -> (artifact id: '15c1d08edfc50eb53c61c5eddac694fa') in 0.005314 seconds
Number of updated asset objects reloaded before import = 0
Number of asset objects unloaded after import = 2
========================================================================
Received Import Request.
  Time since last request: 1.630098 seconds.
  path: Assets/Tom's Terrain Tools/Example Data/TerrainExample2.asset
  artifactKey: Guid(db98a015c05d62c408f821c95bde9df2) Importer(815301076,1909f56bfc062723c751e8b465ee728b)
Start importing Assets/Tom's Terrain Tools/Example Data/TerrainExample2.asset using Guid(db98a015c05d62c408f821c95bde9df2) Importer(815301076,1909f56bfc062723c751e8b465ee728b) Tree prefab at index 0 is missing.
Tree prefab at index 1 is missing.
Tree prefab at index 2 is missing.
 -> (artifact id: 'a647ed25e8950846774ee5e27eac8a85') in 0.059137 seconds
Number of updated asset objects reloaded before import = 0
Number of asset objects unloaded after import = 6
========================================================================
Received Import Request.
  Time since last request: 2.637737 seconds.
  path: Assets/Tom's Terrain Tools/Example Data/Terragen Sources
  artifactKey: Guid(ca20720d882324735a9593b102ac1a05) Importer(815301076,1909f56bfc062723c751e8b465ee728b)
Start importing Assets/Tom's Terrain Tools/Example Data/Terragen Sources using Guid(ca20720d882324735a9593b102ac1a05) Importer(815301076,1909f56bfc062723c751e8b465ee728b)  -> (artifact id: '53745d349137f667870dd176c5d85cb7') in 0.000591 seconds
Number of updated asset objects reloaded before import = 0
Number of asset objects unloaded after import = 0
========================================================================
Received Import Request.
  Time since last request: 2.599738 seconds.
  path: Assets/Tom's Terrain Tools/Example Data/Materials
  artifactKey: Guid(005aa3e542281bf4b810b041114a93c3) Importer(815301076,1909f56bfc062723c751e8b465ee728b)
Start importing Assets/Tom's Terrain Tools/Example Data/Materials using Guid(005aa3e542281bf4b810b041114a93c3) Importer(815301076,1909f56bfc062723c751e8b465ee728b)  -> (artifact id: 'b2458c4ea12752cdf4103fe3737af9c3') in 0.000476 seconds
Number of updated asset objects reloaded before import = 0
Number of asset objects unloaded after import = 0
========================================================================
Received Import Request.
  Time since last request: 0.048523 seconds.
  path: Assets/Tom's Terrain Tools/Example Data/Materials/TTTExampleSkyBox.mat
  artifactKey: Guid(9d2f79ae6f5ab4a458516e3bdc5c1ff6) Importer(815301076,1909f56bfc062723c751e8b465ee728b)
Start importing Assets/Tom's Terrain Tools/Example Data/Materials/TTTExampleSkyBox.mat using Guid(9d2f79ae6f5ab4a458516e3bdc5c1ff6) Importer(815301076,1909f56bfc062723c751e8b465ee728b)  -> (artifact id: '6dc61c7d2cfc9c2a10cf844cc9e1427d') in 0.201448 seconds
Number of updated asset objects reloaded before import = 0
Number of asset objects unloaded after import = 3
========================================================================
Received Import Request.
  Time since last request: 8.277482 seconds.
  path: Assets/Tom's Terrain Tools/2DTools/Scenes
  artifactKey: Guid(3c75d8dfcdbb21843a21e929f11f42ad) Importer(815301076,1909f56bfc062723c751e8b465ee728b)
Start importing Assets/Tom's Terrain Tools/2DTools/Scenes using Guid(3c75d8dfcdbb21843a21e929f11f42ad) Importer(815301076,1909f56bfc062723c751e8b465ee728b)  -> (artifact id: '457bcc86e8258526000a3ab24bd79563') in 0.000571 seconds
Number of updated asset objects reloaded before import = 0
Number of asset objects unloaded after import = 0
========================================================================
Received Import Request.
  Time since last request: 0.959440 seconds.
  path: Assets/Tom's Terrain Tools/2DTools/Scenes/scene_2DTools_Demo1.unity
  artifactKey: Guid(f3effd125718da04b9ac871f48b2e133) Importer(815301076,1909f56bfc062723c751e8b465ee728b)
Start importing Assets/Tom's Terrain Tools/2DTools/Scenes/scene_2DTools_Demo1.unity using Guid(f3effd125718da04b9ac871f48b2e133) Importer(815301076,1909f56bfc062723c751e8b465ee728b)  -> (artifact id: 'f0e36b028c2d3f669332f4729ca28ecb') in 0.000566 seconds
Number of updated asset objects reloaded before import = 0
Number of asset objects unloaded after import = 0
========================================================================
Received Import Request.
  Time since last request: 28.859865 seconds.
  path: Assets/_TerrainAutoUpgrade
  artifactKey: Guid(bfdf97c7a1f5cbd4ea53706506690fa0) Importer(815301076,1909f56bfc062723c751e8b465ee728b)
Start importing Assets/_TerrainAutoUpgrade using Guid(bfdf97c7a1f5cbd4ea53706506690fa0) Importer(815301076,1909f56bfc062723c751e8b465ee728b)  -> (artifact id: '7e39050206afaf349128e1636a104367') in 0.000577 seconds
Number of updated asset objects reloaded before import = 0
Number of asset objects unloaded after import = 0
========================================================================
Received Import Request.
  Time since last request: 0.080704 seconds.
  path: Assets/_TerrainAutoUpgrade/layer_b956af97c33fc3d7.terrainlayer
  artifactKey: Guid(901bfee30a3e32240b756bd877a90a3b) Importer(815301076,1909f56bfc062723c751e8b465ee728b)
Start importing Assets/_TerrainAutoUpgrade/layer_b956af97c33fc3d7.terrainlayer using Guid(901bfee30a3e32240b756bd877a90a3b) Importer(815301076,1909f56bfc062723c751e8b465ee728b)  -> (artifact id: '837138a41aac95409297232546dbe8c0') in 0.007025 seconds
Number of updated asset objects reloaded before import = 0
Number of asset objects unloaded after import = 1
========================================================================
Received Import Request.
  Time since last request: 0.000018 seconds.
  path: Assets/_TerrainAutoUpgrade/layer_SandAlbedo3d3aba195e4d26ee.terrainlayer
  artifactKey: Guid(b850014b201116c4482885761751a906) Importer(815301076,1909f56bfc062723c751e8b465ee728b)
Start importing Assets/_TerrainAutoUpgrade/layer_SandAlbedo3d3aba195e4d26ee.terrainlayer using Guid(b850014b201116c4482885761751a906) Importer(815301076,1909f56bfc062723c751e8b465ee728b)  -> (artifact id: '0a2b4c168bf07384c729310ed97a39cf') in 0.006176 seconds
Number of updated asset objects reloaded before import = 0
Number of asset objects unloaded after import = 2
========================================================================
Received Import Request.
  Time since last request: 5.666587 seconds.
  path: Assets/TriForge Assets
  artifactKey: Guid(925824c37e904e84f9f140a7e965714c) Importer(815301076,1909f56bfc062723c751e8b465ee728b)
Start importing Assets/TriForge Assets using Guid(925824c37e904e84f9f140a7e965714c) Importer(815301076,1909f56bfc062723c751e8b465ee728b)  -> (artifact id: '94900112fcef2f7e92480741696baaf3') in 0.000649 seconds
Number of updated asset objects reloaded before import = 0
Number of asset objects unloaded after import = 0
========================================================================
Received Import Request.
  Time since last request: 1.815454 seconds.
  path: Assets/TriForge Assets/_BiRP Content - Fantasy Worlds - Old Forest DEMO.unitypackage
  artifactKey: Guid(feccc38ddc8c9d2418dfa82727c8c4ca) Importer(815301076,1909f56bfc062723c751e8b465ee728b)
Start importing Assets/TriForge Assets/_BiRP Content - Fantasy Worlds - Old Forest DEMO.unitypackage using Guid(feccc38ddc8c9d2418dfa82727c8c4ca) Importer(815301076,1909f56bfc062723c751e8b465ee728b)  -> (artifact id: '21328e44d87ba6f1b5b992c0f1268d6d') in 0.001032 seconds
Number of updated asset objects reloaded before import = 0
Number of asset objects unloaded after import = 1
========================================================================
Received Import Request.
  Time since last request: 0.759222 seconds.
  path: Assets/TriForge Assets/_URP Content - Fantasy Worlds - Old Forest DEMO.unitypackage
  artifactKey: Guid(54d79775f2096ff4bb7e7287bc954519) Importer(815301076,1909f56bfc062723c751e8b465ee728b)
Start importing Assets/TriForge Assets/_URP Content - Fantasy Worlds - Old Forest DEMO.unitypackage using Guid(54d79775f2096ff4bb7e7287bc954519) Importer(815301076,1909f56bfc062723c751e8b465ee728b)  -> (artifact id: 'ffa54b058bd55d422cb7db60c0b4ca37') in 0.000848 seconds
Number of updated asset objects reloaded before import = 0
Number of asset objects unloaded after import = 1
========================================================================
Received Import Request.
  Time since last request: 29.842735 seconds.
  path: Assets/TriForge Assets/Fantasy Worlds - DEMO Content
  artifactKey: Guid(9101c4cb025f8614c9d2b7baf0ad4144) Importer(815301076,1909f56bfc062723c751e8b465ee728b)
Start importing Assets/TriForge Assets/Fantasy Worlds - DEMO Content using Guid(9101c4cb025f8614c9d2b7baf0ad4144) Importer(815301076,1909f56bfc062723c751e8b465ee728b)  -> (artifact id: 'ed1e16b76415e4434100230416d866f1') in 0.000598 seconds
Number of updated asset objects reloaded before import = 0
Number of asset objects unloaded after import = 0
========================================================================
Received Import Request.
  Time since last request: 1.622593 seconds.
  path: Assets/TriForge Assets/Fantasy Worlds - DEMO Content/Scenes
  artifactKey: Guid(69a8b0f131604454f8e583252b6ba25a) Importer(815301076,1909f56bfc062723c751e8b465ee728b)
Start importing Assets/TriForge Assets/Fantasy Worlds - DEMO Content/Scenes using Guid(69a8b0f131604454f8e583252b6ba25a) Importer(815301076,1909f56bfc062723c751e8b465ee728b)  -> (artifact id: '3cb9da8a5bb0744426304099190a0bc1') in 0.000531 seconds
Number of updated asset objects reloaded before import = 0
Number of asset objects unloaded after import = 0
========================================================================
Received Import Request.
  Time since last request: 1.017488 seconds.
  path: Assets/TriForge Assets/Fantasy Worlds - DEMO Content/Scenes/URP
  artifactKey: Guid(c7adf7e6cc77486499a3f3b8be3262d1) Importer(815301076,1909f56bfc062723c751e8b465ee728b)
Start importing Assets/TriForge Assets/Fantasy Worlds - DEMO Content/Scenes/URP using Guid(c7adf7e6cc77486499a3f3b8be3262d1) Importer(815301076,1909f56bfc062723c751e8b465ee728b)  -> (artifact id: '5d16e9e66503cf00b893e29f28944e19') in 0.000547 seconds
Number of updated asset objects reloaded before import = 0
Number of asset objects unloaded after import = 0
========================================================================
Received Import Request.
  Time since last request: 1.822795 seconds.
  path: Assets/TriForge Assets/Fantasy Worlds - DEMO Content/Scenes/URP/fwOF_FreeDemo_Assets.unity
  artifactKey: Guid(e718f022091fcdd46aaa9d5169ff5c53) Importer(815301076,1909f56bfc062723c751e8b465ee728b)
Start importing Assets/TriForge Assets/Fantasy Worlds - DEMO Content/Scenes/URP/fwOF_FreeDemo_Assets.unity using Guid(e718f022091fcdd46aaa9d5169ff5c53) Importer(815301076,1909f56bfc062723c751e8b465ee728b)  -> (artifact id: '5357178c64bca639eb21447533819803') in 0.000563 seconds
Number of updated asset objects reloaded before import = 0
Number of asset objects unloaded after import = 0
========================================================================
Received Import Request.
  Time since last request: 9.354148 seconds.
  path: Assets/TriForge Assets/Fantasy Worlds - DEMO Content/Scenes/URP/fwOF_FreeDemo_OldForest.unity
  artifactKey: Guid(f18074124bf8d7f48bacd53d86cabf2d) Importer(815301076,1909f56bfc062723c751e8b465ee728b)
Start importing Assets/TriForge Assets/Fantasy Worlds - DEMO Content/Scenes/URP/fwOF_FreeDemo_OldForest.unity using Guid(f18074124bf8d7f48bacd53d86cabf2d) Importer(815301076,1909f56bfc062723c751e8b465ee728b)  -> (artifact id: '7eb218dbeda13fab52b80696088aa2d7') in 0.000617 seconds
Number of updated asset objects reloaded before import = 0
Number of asset objects unloaded after import = 0
========================================================================
Received Import Request.
  Time since last request: 93.313366 seconds.
  path: Assets/Prefabs
  artifactKey: Guid(9ac513280ccc32a40bb712c2c4ac9456) Importer(815301076,1909f56bfc062723c751e8b465ee728b)
Start importing Assets/Prefabs using Guid(9ac513280ccc32a40bb712c2c4ac9456) Importer(815301076,1909f56bfc062723c751e8b465ee728b)  -> (artifact id: 'e756dd8aa94604b0dfc2be7ce4cb9e04') in 0.000781 seconds
Number of updated asset objects reloaded before import = 0
Number of asset objects unloaded after import = 0
========================================================================
Received Import Request.
  Time since last request: 0.213277 seconds.
  path: Assets/Prefabs/camilo.prefab
  artifactKey: Guid(00e30b2a86cfafa47a0cb02b84ee69c8) Importer(815301076,1909f56bfc062723c751e8b465ee728b)
Start importing Assets/Prefabs/camilo.prefab using Guid(00e30b2a86cfafa47a0cb02b84ee69c8) Importer(815301076,1909f56bfc062723c751e8b465ee728b)  -> (artifact id: '094d8cdb10dc7edda2f3b55dd8481348') in 0.096512 seconds
Number of updated asset objects reloaded before import = 0
Number of asset objects unloaded after import = 25
========================================================================
Received Import Request.
  Time since last request: 74.902234 seconds.
  path: Assets/Scenes/tutorial.unity
  artifactKey: Guid(d400a01c5cf3f9744b815d7065a7696a) Importer(815301076,1909f56bfc062723c751e8b465ee728b)
Start importing Assets/Scenes/tutorial.unity using Guid(d400a01c5cf3f9744b815d7065a7696a) Importer(815301076,1909f56bfc062723c751e8b465ee728b)  -> (artifact id: '2837c120861b34bf461df5a0fe04b28c') in 0.000847 seconds
Number of updated asset objects reloaded before import = 0
Number of asset objects unloaded after import = 0
========================================================================
Received Import Request.
  Time since last request: 22.554132 seconds.
  path: Assets/Standard Assets
  artifactKey: Guid(955a23d50a1dcd8498fc56e179e2df12) Importer(815301076,1909f56bfc062723c751e8b465ee728b)
Start importing Assets/Standard Assets using Guid(955a23d50a1dcd8498fc56e179e2df12) Importer(815301076,1909f56bfc062723c751e8b465ee728b)  -> (artifact id: 'a25aa0dd1838bda5622066fe9cc09cb6') in 0.000556 seconds
Number of updated asset objects reloaded before import = 0
Number of asset objects unloaded after import = 0
========================================================================
Received Import Request.
  Time since last request: 2.071524 seconds.
  path: Assets/Standard Assets/Environment
  artifactKey: Guid(a9a6442a944f2694682d670be0864083) Importer(815301076,1909f56bfc062723c751e8b465ee728b)
Start importing Assets/Standard Assets/Environment using Guid(a9a6442a944f2694682d670be0864083) Importer(815301076,1909f56bfc062723c751e8b465ee728b)  -> (artifact id: 'b1122e9f771d6b1c7e88e96213ef9dc2') in 0.000544 seconds
Number of updated asset objects reloaded before import = 0
Number of asset objects unloaded after import = 0
========================================================================
Received Import Request.
  Time since last request: 1.127733 seconds.
  path: Assets/Standard Assets/Environment/TerrainAssets
  artifactKey: Guid(ae5aa169f94848a4b8d3f1141f27e60b) Importer(815301076,1909f56bfc062723c751e8b465ee728b)
Start importing Assets/Standard Assets/Environment/TerrainAssets using Guid(ae5aa169f94848a4b8d3f1141f27e60b) Importer(815301076,1909f56bfc062723c751e8b465ee728b)  -> (artifact id: '7a4c44c35a5085c8f193b10ba09b8db2') in 0.000523 seconds
Number of updated asset objects reloaded before import = 0
Number of asset objects unloaded after import = 0
========================================================================
Received Import Request.
  Time since last request: 0.535779 seconds.
  path: Assets/Standard Assets/Environment/TerrainAssets/BillboardTextures
  artifactKey: Guid(989bab72ae0df5f42ae8e021cfeb3f5f) Importer(815301076,1909f56bfc062723c751e8b465ee728b)
Start importing Assets/Standard Assets/Environment/TerrainAssets/BillboardTextures using Guid(989bab72ae0df5f42ae8e021cfeb3f5f) Importer(815301076,1909f56bfc062723c751e8b465ee728b)  -> (artifact id: '7f22dd45040a77dd0044e0359f91707d') in 0.000649 seconds
Number of updated asset objects reloaded before import = 0
Number of asset objects unloaded after import = 0
========================================================================
Received Import Request.
  Time since last request: 0.912223 seconds.
  path: Assets/Standard Assets/Environment/TerrainAssets/SurfaceTextures
  artifactKey: Guid(d6db35c4d75f39b48ac6d22be76a8fc6) Importer(815301076,1909f56bfc062723c751e8b465ee728b)
Start importing Assets/Standard Assets/Environment/TerrainAssets/SurfaceTextures using Guid(d6db35c4d75f39b48ac6d22be76a8fc6) Importer(815301076,1909f56bfc062723c751e8b465ee728b)  -> (artifact id: '73dff4981d7c028a79a2e35d19ec92b7') in 0.000541 seconds
Number of updated asset objects reloaded before import = 0
Number of asset objects unloaded after import = 0
========================================================================
Received Import Request.
  Time since last request: 0.090581 seconds.
  path: Assets/Standard Assets/Environment/TerrainAssets/SurfaceTextures/SandAlbedo.psd
  artifactKey: Guid(bfd675cc0db1d4656b75dc6d6ba91142) Importer(815301076,1909f56bfc062723c751e8b465ee728b)
Start importing Assets/Standard Assets/Environment/TerrainAssets/SurfaceTextures/SandAlbedo.psd using Guid(bfd675cc0db1d4656b75dc6d6ba91142) Importer(815301076,1909f56bfc062723c751e8b465ee728b)  -> (artifact id: 'be96e7c80b24203c338d8ab0b39a3505') in 0.008587 seconds
Number of updated asset objects reloaded before import = 0
Number of asset objects unloaded after import = 2
========================================================================
Received Prepare
Begin MonoManager ReloadAssembly
- Loaded All Assemblies, in  0.439 seconds
Refreshing native plugins compatible for Editor in 4.58 ms, found 3 plugins.
Native extension for UWP target not found
Native extension for WindowsStandalone target not found
Native extension for OSXStandalone target not found
Native extension for WebGL target not found
Mono: successfully reloaded assembly
- Finished resetting the current domain, in  1.205 seconds
Domain Reload Profiling: 1639ms
	BeginReloadAssembly (146ms)
		ExecutionOrderSort (0ms)
		DisableScriptedObjects (9ms)
		BackupInstance (0ms)
		ReleaseScriptingObjects (0ms)
		CreateAndSetChildDomain (36ms)
	RebuildCommonClasses (28ms)
	RebuildNativeTypeToScriptingClass (9ms)
	initialDomainReloadingComplete (30ms)
	LoadAllAssembliesAndSetupDomain (222ms)
		LoadAssemblies (276ms)
		RebuildTransferFunctionScriptingTraits (0ms)
		AnalyzeDomain (15ms)
			TypeCache.Refresh (5ms)
				TypeCache.ScanAssembly (0ms)
			ScanForSourceGeneratedMonoScriptInfo (0ms)
			ResolveRequiredComponents (9ms)
	FinalizeReload (1205ms)
		ReleaseScriptCaches (0ms)
		RebuildScriptCaches (0ms)
		SetupLoadedEditorAssemblies (395ms)
			LogAssemblyErrors (0ms)
			InitializePlatformSupportModulesInManaged (14ms)
			SetLoadedEditorAssemblies (4ms)
			RefreshPlugins (0ms)
			BeforeProcessingInitializeOnLoad (73ms)
			ProcessInitializeOnLoadAttributes (244ms)
			ProcessInitializeOnLoadMethodAttributes (51ms)
			AfterProcessingInitializeOnLoad (9ms)
			EditorAssembliesLoaded (0ms)
		ExecutionOrderSort2 (0ms)
		AwakeInstancesAfterBackupRestoration (17ms)
Refreshing native plugins compatible for Editor in 5.31 ms, found 3 plugins.
Preloading 0 native plugins for Editor in 0.00 ms.
Unloading 4969 Unused Serialized files (Serialized files now loaded: 0)
Unloading 70 unused Assets / (2.0 MB). Loaded Objects now: 5707.
Memory consumption went from 197.2 MB to 195.2 MB.
Total: 3.868100 ms (FindLiveObjects: 0.429500 ms CreateObjectMapping: 0.366700 ms MarkObjects: 2.668500 ms  DeleteObjects: 0.402400 ms)

Prepare: number of updated asset objects reloaded= 0
AssetImportParameters requested are different than current active one (requested -> active):
  custom:container-demuxer-ogg: 62fdf1f143b41e24485cea50d1cbac27 -> 
  custom:video-codec-MediaFoundation-h265: 746d11721c4dcdbdad8f713fa42b33f4 -> 
  custom:video-decoder-ogg-theora: a1e56fd34408186e4bbccfd4996cb3dc -> 
  custom:framework-win-MediaFoundation: 216162199b28c13a410421893ffa2e32 -> 
  custom:CustomObjectIndexerAttribute: 3ead1caaecf1c488f20bcfeb224b6af5 -> 
  custom:container-demuxer-webm: 4f35f7cbe854078d1ac9338744f61a02 -> 
  custom:container-muxer-webm: aa71ff27fc2769a1b78a27578f13a17b -> 
  custom:video-decoder-webm-vp8: 9c59270c3fd7afecdb556c50c9e8de78 -> 
  custom:SearchIndexIgnoredProperties: e643bd26f0fe6173181afceb89e7c659 -> 
  custom:AudioImporter_EditorPlatform: d09bf68614088b80899f8185d706f6e7 -> 
  custom:video-encoder-webm-vp8: eb34c28f22e8b96e1ab97ce403110664 -> 
  custom:audio-decoder-ogg-vorbis: bf7c407c2cedff20999df2af8eb42d56 -> 
  custom:audio-encoder-webm-vorbis: bf7c407c2cedff20999df2af8eb42d56 -> 
========================================================================
Received Prepare
Begin MonoManager ReloadAssembly
- Loaded All Assemblies, in  0.447 seconds
Refreshing native plugins compatible for Editor in 4.80 ms, found 3 plugins.
Native extension for UWP target not found
Native extension for WindowsStandalone target not found
Native extension for OSXStandalone target not found
Native extension for WebGL target not found
Mono: successfully reloaded assembly
- Finished resetting the current domain, in  1.176 seconds
Domain Reload Profiling: 1618ms
	BeginReloadAssembly (145ms)
		ExecutionOrderSort (0ms)
		DisableScriptedObjects (4ms)
		BackupInstance (0ms)
		ReleaseScriptingObjects (0ms)
		CreateAndSetChildDomain (33ms)
	RebuildCommonClasses (28ms)
	RebuildNativeTypeToScriptingClass (8ms)
	initialDomainReloadingComplete (30ms)
	LoadAllAssembliesAndSetupDomain (230ms)
		LoadAssemblies (272ms)
		RebuildTransferFunctionScriptingTraits (0ms)
		AnalyzeDomain (35ms)
			TypeCache.Refresh (7ms)
				TypeCache.ScanAssembly (0ms)
			ScanForSourceGeneratedMonoScriptInfo (18ms)
			ResolveRequiredComponents (9ms)
	FinalizeReload (1177ms)
		ReleaseScriptCaches (0ms)
		RebuildScriptCaches (0ms)
		SetupLoadedEditorAssemblies (418ms)
			LogAssemblyErrors (0ms)
			InitializePlatformSupportModulesInManaged (15ms)
			SetLoadedEditorAssemblies (5ms)
			RefreshPlugins (0ms)
			BeforeProcessingInitializeOnLoad (74ms)
			ProcessInitializeOnLoadAttributes (263ms)
			ProcessInitializeOnLoadMethodAttributes (53ms)
			AfterProcessingInitializeOnLoad (8ms)
			EditorAssembliesLoaded (0ms)
		ExecutionOrderSort2 (0ms)
		AwakeInstancesAfterBackupRestoration (17ms)
Refreshing native plugins compatible for Editor in 4.72 ms, found 3 plugins.
Preloading 0 native plugins for Editor in 0.00 ms.
Unloading 4971 Unused Serialized files (Serialized files now loaded: 0)
Unloading 53 unused Assets / (2.0 MB). Loaded Objects now: 5713.
Memory consumption went from 199.3 MB to 197.2 MB.
Total: 3.619100 ms (FindLiveObjects: 0.427900 ms CreateObjectMapping: 0.172700 ms MarkObjects: 2.591200 ms  DeleteObjects: 0.425900 ms)

Prepare: number of updated asset objects reloaded= 0
AssetImportParameters requested are different than current active one (requested -> active):
  custom:container-demuxer-ogg: 62fdf1f143b41e24485cea50d1cbac27 -> 
  custom:video-codec-MediaFoundation-h265: 746d11721c4dcdbdad8f713fa42b33f4 -> 
  custom:video-decoder-ogg-theora: a1e56fd34408186e4bbccfd4996cb3dc -> 
  custom:framework-win-MediaFoundation: 216162199b28c13a410421893ffa2e32 -> 
  custom:CustomObjectIndexerAttribute: 3ead1caaecf1c488f20bcfeb224b6af5 -> 
  custom:container-demuxer-webm: 4f35f7cbe854078d1ac9338744f61a02 -> 
  custom:container-muxer-webm: aa71ff27fc2769a1b78a27578f13a17b -> 
  custom:video-decoder-webm-vp8: 9c59270c3fd7afecdb556c50c9e8de78 -> 
  custom:SearchIndexIgnoredProperties: e643bd26f0fe6173181afceb89e7c659 -> 
  custom:AudioImporter_EditorPlatform: d09bf68614088b80899f8185d706f6e7 -> 
  custom:video-encoder-webm-vp8: eb34c28f22e8b96e1ab97ce403110664 -> 
  custom:audio-decoder-ogg-vorbis: bf7c407c2cedff20999df2af8eb42d56 -> 
  custom:audio-encoder-webm-vorbis: bf7c407c2cedff20999df2af8eb42d56 -> 
========================================================================
Received Import Request.
  Time since last request: 191.886172 seconds.
  path: Assets/Realistic Tree/Demo Scene/White.mat
  artifactKey: Guid(7fdae40027923754cb281f867415edcc) Importer(815301076,1909f56bfc062723c751e8b465ee728b)
Start importing Assets/Realistic Tree/Demo Scene/White.mat using Guid(7fdae40027923754cb281f867415edcc) Importer(815301076,1909f56bfc062723c751e8b465ee728b)  -> (artifact id: 'a5b65608a88c1de878dbe7cce04dbb4a') in 0.223787 seconds
Number of updated asset objects reloaded before import = 0
Number of asset objects unloaded after import = 21
========================================================================
Received Prepare
Begin MonoManager ReloadAssembly
- Loaded All Assemblies, in  0.413 seconds
Refreshing native plugins compatible for Editor in 4.47 ms, found 3 plugins.
Native extension for UWP target not found
Native extension for WindowsStandalone target not found
Native extension for OSXStandalone target not found
Native extension for WebGL target not found
Mono: successfully reloaded assembly
- Finished resetting the current domain, in  1.198 seconds
Domain Reload Profiling: 1607ms
	BeginReloadAssembly (141ms)
		ExecutionOrderSort (0ms)
		DisableScriptedObjects (9ms)
		BackupInstance (0ms)
		ReleaseScriptingObjects (0ms)
		CreateAndSetChildDomain (36ms)
	RebuildCommonClasses (26ms)
	RebuildNativeTypeToScriptingClass (9ms)
	initialDomainReloadingComplete (28ms)
	LoadAllAssembliesAndSetupDomain (204ms)
		LoadAssemblies (256ms)
		RebuildTransferFunctionScriptingTraits (0ms)
		AnalyzeDomain (15ms)
			TypeCache.Refresh (5ms)
				TypeCache.ScanAssembly (0ms)
			ScanForSourceGeneratedMonoScriptInfo (0ms)
			ResolveRequiredComponents (9ms)
	FinalizeReload (1199ms)
		ReleaseScriptCaches (0ms)
		RebuildScriptCaches (0ms)
		SetupLoadedEditorAssemblies (456ms)
			LogAssemblyErrors (0ms)
			InitializePlatformSupportModulesInManaged (13ms)
			SetLoadedEditorAssemblies (4ms)
			RefreshPlugins (0ms)
			BeforeProcessingInitializeOnLoad (78ms)
			ProcessInitializeOnLoadAttributes (292ms)
			ProcessInitializeOnLoadMethodAttributes (59ms)
			AfterProcessingInitializeOnLoad (9ms)
			EditorAssembliesLoaded (0ms)
		ExecutionOrderSort2 (0ms)
		AwakeInstancesAfterBackupRestoration (21ms)
Refreshing native plugins compatible for Editor in 4.78 ms, found 3 plugins.
Preloading 0 native plugins for Editor in 0.00 ms.
Unloading 4971 Unused Serialized files (Serialized files now loaded: 0)
Unloading 53 unused Assets / (2.0 MB). Loaded Objects now: 5754.
Memory consumption went from 201.5 MB to 199.4 MB.
Total: 3.660700 ms (FindLiveObjects: 0.399100 ms CreateObjectMapping: 0.361400 ms MarkObjects: 2.514100 ms  DeleteObjects: 0.385100 ms)

Prepare: number of updated asset objects reloaded= 0
AssetImportParameters requested are different than current active one (requested -> active):
  custom:container-demuxer-ogg: 62fdf1f143b41e24485cea50d1cbac27 -> 
  custom:video-codec-MediaFoundation-h265: 746d11721c4dcdbdad8f713fa42b33f4 -> 
  custom:video-decoder-ogg-theora: a1e56fd34408186e4bbccfd4996cb3dc -> 
  custom:framework-win-MediaFoundation: 216162199b28c13a410421893ffa2e32 -> 
  custom:CustomObjectIndexerAttribute: 3ead1caaecf1c488f20bcfeb224b6af5 -> 
  custom:container-demuxer-webm: 4f35f7cbe854078d1ac9338744f61a02 -> 
  custom:container-muxer-webm: aa71ff27fc2769a1b78a27578f13a17b -> 
  custom:video-decoder-webm-vp8: 9c59270c3fd7afecdb556c50c9e8de78 -> 
  custom:SearchIndexIgnoredProperties: e643bd26f0fe6173181afceb89e7c659 -> 
  custom:AudioImporter_EditorPlatform: d09bf68614088b80899f8185d706f6e7 -> 
  custom:video-encoder-webm-vp8: eb34c28f22e8b96e1ab97ce403110664 -> 
  custom:audio-decoder-ogg-vorbis: bf7c407c2cedff20999df2af8eb42d56 -> 
  custom:audio-encoder-webm-vorbis: bf7c407c2cedff20999df2af8eb42d56 -> 
========================================================================
Received Import Request.
  Time since last request: 53.516205 seconds.
  path: Assets/Realistic Tree/Prefabs
  artifactKey: Guid(a7423a6760ae2b144b40df1e985da875) Importer(815301076,1909f56bfc062723c751e8b465ee728b)
Start importing Assets/Realistic Tree/Prefabs using Guid(a7423a6760ae2b144b40df1e985da875) Importer(815301076,1909f56bfc062723c751e8b465ee728b)  -> (artifact id: '88e739dcac72229f1a06bf756588c648') in 0.007291 seconds
Number of updated asset objects reloaded before import = 0
Number of asset objects unloaded after import = 0
========================================================================
Received Import Request.
  Time since last request: 2.268527 seconds.
  path: Assets/Realistic Tree/Prefabs/URP
  artifactKey: Guid(77bd5afbaf627f2499f2f0cd0aa28938) Importer(815301076,1909f56bfc062723c751e8b465ee728b)
Start importing Assets/Realistic Tree/Prefabs/URP using Guid(77bd5afbaf627f2499f2f0cd0aa28938) Importer(815301076,1909f56bfc062723c751e8b465ee728b)  -> (artifact id: 'a56f8382e5fd5a59ab06bd24f4f66e39') in 0.000595 seconds
Number of updated asset objects reloaded before import = 0
Number of asset objects unloaded after import = 0
========================================================================
Received Import Request.
  Time since last request: 132.775795 seconds.
  path: Assets/New Terrain.asset
  artifactKey: Guid(4eda04d9db591924c889c080eeaface2) Importer(815301076,1909f56bfc062723c751e8b465ee728b)
Start importing Assets/New Terrain.asset using Guid(4eda04d9db591924c889c080eeaface2) Importer(815301076,1909f56bfc062723c751e8b465ee728b)  -> (artifact id: 'dfa80bae2c201ef7dab8a08515ea13e8') in 0.010783 seconds
Number of updated asset objects reloaded before import = 0
Number of asset objects unloaded after import = 1
========================================================================
Received Import Request.
  Time since last request: 0.007221 seconds.
  path: Assets/TerrainData_b91d6f28-0c7f-4e37-9f5f-312966189e9c.asset
  artifactKey: Guid(294fceb166ca1df4fb4af64e4cdc6b7b) Importer(815301076,1909f56bfc062723c751e8b465ee728b)
Start importing Assets/TerrainData_b91d6f28-0c7f-4e37-9f5f-312966189e9c.asset using Guid(294fceb166ca1df4fb4af64e4cdc6b7b) Importer(815301076,1909f56bfc062723c751e8b465ee728b)  -> (artifact id: '8d39bb5db7a4b4aec505669102e41aca') in 0.006258 seconds
Number of updated asset objects reloaded before import = 0
Number of asset objects unloaded after import = 1
========================================================================
Received Import Request.
  Time since last request: 0.000013 seconds.
  path: Assets/Tree.prefab
  artifactKey: Guid(a4b8e9d0e5eb33f438e360018c0760d9) Importer(815301076,1909f56bfc062723c751e8b465ee728b)
Start importing Assets/Tree.prefab using Guid(a4b8e9d0e5eb33f438e360018c0760d9) Importer(815301076,1909f56bfc062723c751e8b465ee728b)  -> (artifact id: 'ea1bd49a3bf51669cee84d5d7f7419a7') in 0.482277 seconds
Number of updated asset objects reloaded before import = 0
Number of asset objects unloaded after import = 35
========================================================================
Received Import Request.
  Time since last request: 11.366137 seconds.
  path: Assets/Tree_Textures
  artifactKey: Guid(1ee783df008f90548ba3d1f7c1959aeb) Importer(815301076,1909f56bfc062723c751e8b465ee728b)
Start importing Assets/Tree_Textures using Guid(1ee783df008f90548ba3d1f7c1959aeb) Importer(815301076,1909f56bfc062723c751e8b465ee728b)  -> (artifact id: '41d0bb940a9e65ab8702c2373217e5ba') in 0.000611 seconds
Number of updated asset objects reloaded before import = 0
Number of asset objects unloaded after import = 0
========================================================================
Received Import Request.
  Time since last request: 0.087580 seconds.
  path: Assets/Tree_Textures/diffuse.png
  artifactKey: Guid(1e6eba57cc430c147a156819f3c431cb) Importer(815301076,1909f56bfc062723c751e8b465ee728b)
Start importing Assets/Tree_Textures/diffuse.png using Guid(1e6eba57cc430c147a156819f3c431cb) Importer(815301076,1909f56bfc062723c751e8b465ee728b)  -> (artifact id: '95ce7db8141fa00f0008375ce7621d98') in 0.012367 seconds
Number of updated asset objects reloaded before import = 0
Number of asset objects unloaded after import = 2
========================================================================
Received Import Request.
  Time since last request: 0.000016 seconds.
  path: Assets/Tree_Textures/translucency_gloss.png
  artifactKey: Guid(5967b32b6e91511499026a34e5ae2764) Importer(815301076,1909f56bfc062723c751e8b465ee728b)
Start importing Assets/Tree_Textures/translucency_gloss.png using Guid(5967b32b6e91511499026a34e5ae2764) Importer(815301076,1909f56bfc062723c751e8b465ee728b)  -> (artifact id: 'af69a49b9d6f024b33db48cfd4c4c580') in 0.005369 seconds
Number of updated asset objects reloaded before import = 0
Number of asset objects unloaded after import = 2
========================================================================
Received Import Request.
  Time since last request: 4.657564 seconds.
  path: Assets/Realistic Tree
  artifactKey: Guid(551c8af2d4471ce43a9076c227a48df4) Importer(815301076,1909f56bfc062723c751e8b465ee728b)
Start importing Assets/Realistic Tree using Guid(551c8af2d4471ce43a9076c227a48df4) Importer(815301076,1909f56bfc062723c751e8b465ee728b)  -> (artifact id: '80b93535a033df440dd772aa4a68d5e8') in 0.000605 seconds
Number of updated asset objects reloaded before import = 0
Number of asset objects unloaded after import = 0
========================================================================
Received Import Request.
  Time since last request: 5.478253 seconds.
  path: Assets/Realistic Tree/Prefabs/Standard
  artifactKey: Guid(71b6250183b26934f8ff24c69196120e) Importer(815301076,1909f56bfc062723c751e8b465ee728b)
Start importing Assets/Realistic Tree/Prefabs/Standard using Guid(71b6250183b26934f8ff24c69196120e) Importer(815301076,1909f56bfc062723c751e8b465ee728b)  -> (artifact id: 'dd0845963f319965d5d3b84a98cc1e4d') in 0.000494 seconds
Number of updated asset objects reloaded before import = 0
Number of asset objects unloaded after import = 0
========================================================================
Received Import Request.
  Time since last request: 7.313535 seconds.
  path: Assets/Realistic Tree/Demo Scene
  artifactKey: Guid(3988e0945ee3725419adb6c63832cdf0) Importer(815301076,1909f56bfc062723c751e8b465ee728b)
Start importing Assets/Realistic Tree/Demo Scene using Guid(3988e0945ee3725419adb6c63832cdf0) Importer(815301076,1909f56bfc062723c751e8b465ee728b)  -> (artifact id: '1e09986a80a77459605fa04758f0fac9') in 0.000559 seconds
Number of updated asset objects reloaded before import = 0
Number of asset objects unloaded after import = 0
========================================================================
Received Import Request.
  Time since last request: 2.680969 seconds.
  path: Assets/Realistic Tree/Demo Scene/Rotate.cs
  artifactKey: Guid(2d45e066ede448543a97c655d6313a60) Importer(815301076,1909f56bfc062723c751e8b465ee728b)
Start importing Assets/Realistic Tree/Demo Scene/Rotate.cs using Guid(2d45e066ede448543a97c655d6313a60) Importer(815301076,1909f56bfc062723c751e8b465ee728b)  -> (artifact id: '372610d3b2f0afd6d3d74a02f88a62af') in 0.000579 seconds
Number of updated asset objects reloaded before import = 0
Number of asset objects unloaded after import = 0
========================================================================
Received Import Request.
  Time since last request: 2.315505 seconds.
  path: Assets/Realistic Tree/Demo Scene/Buttonscript.cs
  artifactKey: Guid(7dac93fdda18c9a4e83e4515bf51df9f) Importer(815301076,1909f56bfc062723c751e8b465ee728b)
Start importing Assets/Realistic Tree/Demo Scene/Buttonscript.cs using Guid(7dac93fdda18c9a4e83e4515bf51df9f) Importer(815301076,1909f56bfc062723c751e8b465ee728b)  -> (artifact id: '8bb09374f51642f5fe4d211e1f4a5680') in 0.000662 seconds
Number of updated asset objects reloaded before import = 0
Number of asset objects unloaded after import = 0
========================================================================
Received Prepare
Begin MonoManager ReloadAssembly
- Loaded All Assemblies, in  0.462 seconds
Refreshing native plugins compatible for Editor in 4.48 ms, found 3 plugins.
Native extension for UWP target not found
Native extension for WindowsStandalone target not found
Native extension for OSXStandalone target not found
Native extension for WebGL target not found
Mono: successfully reloaded assembly
- Finished resetting the current domain, in  1.252 seconds
Domain Reload Profiling: 1709ms
	BeginReloadAssembly (151ms)
		ExecutionOrderSort (0ms)
		DisableScriptedObjects (10ms)
		BackupInstance (0ms)
		ReleaseScriptingObjects (0ms)
		CreateAndSetChildDomain (43ms)
	RebuildCommonClasses (27ms)
	RebuildNativeTypeToScriptingClass (8ms)
	initialDomainReloadingComplete (30ms)
	LoadAllAssembliesAndSetupDomain (241ms)
		LoadAssemblies (275ms)
		RebuildTransferFunctionScriptingTraits (0ms)
		AnalyzeDomain (33ms)
			TypeCache.Refresh (7ms)
				TypeCache.ScanAssembly (0ms)
			ScanForSourceGeneratedMonoScriptInfo (16ms)
			ResolveRequiredComponents (9ms)
	FinalizeReload (1253ms)
		ReleaseScriptCaches (0ms)
		RebuildScriptCaches (0ms)
		SetupLoadedEditorAssemblies (394ms)
			LogAssemblyErrors (0ms)
			InitializePlatformSupportModulesInManaged (13ms)
			SetLoadedEditorAssemblies (4ms)
			RefreshPlugins (0ms)
			BeforeProcessingInitializeOnLoad (73ms)
			ProcessInitializeOnLoadAttributes (243ms)
			ProcessInitializeOnLoadMethodAttributes (51ms)
			AfterProcessingInitializeOnLoad (9ms)
			EditorAssembliesLoaded (0ms)
		ExecutionOrderSort2 (0ms)
		AwakeInstancesAfterBackupRestoration (18ms)
Refreshing native plugins compatible for Editor in 5.53 ms, found 3 plugins.
Preloading 0 native plugins for Editor in 0.00 ms.
Unloading 4969 Unused Serialized files (Serialized files now loaded: 0)
Unloading 55 unused Assets / (2.0 MB). Loaded Objects now: 5801.
Memory consumption went from 203.8 MB to 201.8 MB.
Total: 3.336900 ms (FindLiveObjects: 0.460600 ms CreateObjectMapping: 0.194900 ms MarkObjects: 2.296000 ms  DeleteObjects: 0.384500 ms)

Prepare: number of updated asset objects reloaded= 0
AssetImportParameters requested are different than current active one (requested -> active):
  custom:container-demuxer-ogg: 62fdf1f143b41e24485cea50d1cbac27 -> 
  custom:video-codec-MediaFoundation-h265: 746d11721c4dcdbdad8f713fa42b33f4 -> 
  custom:video-decoder-ogg-theora: a1e56fd34408186e4bbccfd4996cb3dc -> 
  custom:framework-win-MediaFoundation: 216162199b28c13a410421893ffa2e32 -> 
  custom:CustomObjectIndexerAttribute: 3ead1caaecf1c488f20bcfeb224b6af5 -> 
  custom:container-demuxer-webm: 4f35f7cbe854078d1ac9338744f61a02 -> 
  custom:container-muxer-webm: aa71ff27fc2769a1b78a27578f13a17b -> 
  custom:video-decoder-webm-vp8: 9c59270c3fd7afecdb556c50c9e8de78 -> 
  custom:SearchIndexIgnoredProperties: e643bd26f0fe6173181afceb89e7c659 -> 
  custom:AudioImporter_EditorPlatform: d09bf68614088b80899f8185d706f6e7 -> 
  custom:video-encoder-webm-vp8: eb34c28f22e8b96e1ab97ce403110664 -> 
  custom:audio-decoder-ogg-vorbis: bf7c407c2cedff20999df2af8eb42d56 -> 
  custom:audio-encoder-webm-vorbis: bf7c407c2cedff20999df2af8eb42d56 -> 
========================================================================
Received Import Request.
  Time since last request: 28.348626 seconds.
  path: Assets/Realistic Tree/Prefabs/URP/Weeping Willow
  artifactKey: Guid(ed90228c9f9b3c843998f99346171e22) Importer(815301076,1909f56bfc062723c751e8b465ee728b)
Start importing Assets/Realistic Tree/Prefabs/URP/Weeping Willow using Guid(ed90228c9f9b3c843998f99346171e22) Importer(815301076,1909f56bfc062723c751e8b465ee728b)  -> (artifact id: '1e3678333ceb87effb24d4d9aaff4e6c') in 0.007272 seconds
Number of updated asset objects reloaded before import = 0
Number of asset objects unloaded after import = 0
========================================================================
Received Import Request.
  Time since last request: 0.060888 seconds.
  path: Assets/Realistic Tree/Prefabs/URP/Weeping Willow/Weeping_Willow 1.prefab
  artifactKey: Guid(00504f464b42d1d45a2dc24ba9eade1e) Importer(815301076,1909f56bfc062723c751e8b465ee728b)
Start importing Assets/Realistic Tree/Prefabs/URP/Weeping Willow/Weeping_Willow 1.prefab using Guid(00504f464b42d1d45a2dc24ba9eade1e) Importer(815301076,1909f56bfc062723c751e8b465ee728b)  -> (artifact id: 'b0e98369ef222550df79cfcb39fc7146') in 3.314319 seconds
Number of updated asset objects reloaded before import = 0
Number of asset objects unloaded after import = 119
========================================================================
Received Import Request.
  Time since last request: 6.442303 seconds.
  path: Assets/Realistic Tree/Prefabs/URP/Spruce
  artifactKey: Guid(8c2a3c0133a995544a0119aa81186497) Importer(815301076,1909f56bfc062723c751e8b465ee728b)
Start importing Assets/Realistic Tree/Prefabs/URP/Spruce using Guid(8c2a3c0133a995544a0119aa81186497) Importer(815301076,1909f56bfc062723c751e8b465ee728b)  -> (artifact id: '7a3581b58486d3a7751af9632069c56f') in 0.000797 seconds
Number of updated asset objects reloaded before import = 0
Number of asset objects unloaded after import = 0
========================================================================
Received Import Request.
  Time since last request: 0.063405 seconds.
  path: Assets/Realistic Tree/Prefabs/URP/Spruce/Spruce 1.prefab
  artifactKey: Guid(a6f21f9d15f76f244a354206c7dcaad2) Importer(815301076,1909f56bfc062723c751e8b465ee728b)
Start importing Assets/Realistic Tree/Prefabs/URP/Spruce/Spruce 1.prefab using Guid(a6f21f9d15f76f244a354206c7dcaad2) Importer(815301076,1909f56bfc062723c751e8b465ee728b)  -> (artifact id: '1653a4b6e991727af01dd640a8d8bd1e') in 0.040498 seconds
Number of updated asset objects reloaded before import = 0
Number of asset objects unloaded after import = 132
========================================================================
Received Import Request.
  Time since last request: 0.000020 seconds.
  path: Assets/Realistic Tree/Prefabs/URP/Spruce/Spruce Group 2.prefab
  artifactKey: Guid(e4ee5d55588435441b23c8d94ae7f0bf) Importer(815301076,1909f56bfc062723c751e8b465ee728b)
Start importing Assets/Realistic Tree/Prefabs/URP/Spruce/Spruce Group 2.prefab using Guid(e4ee5d55588435441b23c8d94ae7f0bf) Importer(815301076,1909f56bfc062723c751e8b465ee728b)  -> (artifact id: 'e34cc75d9c723344c4f817eff2bce1c5') in 0.034065 seconds
Number of updated asset objects reloaded before import = 0
Number of asset objects unloaded after import = 132
========================================================================
Received Import Request.
  Time since last request: 0.000024 seconds.
  path: Assets/Realistic Tree/Prefabs/URP/Spruce/Spruce Group 1.prefab
  artifactKey: Guid(d4102692591f5344dbdfc15a6f69445c) Importer(815301076,1909f56bfc062723c751e8b465ee728b)
Start importing Assets/Realistic Tree/Prefabs/URP/Spruce/Spruce Group 1.prefab using Guid(d4102692591f5344dbdfc15a6f69445c) Importer(815301076,1909f56bfc062723c751e8b465ee728b)  -> (artifact id: '030d025ac785bb053f8d7f75563226a0') in 0.034943 seconds
Number of updated asset objects reloaded before import = 0
Number of asset objects unloaded after import = 132
========================================================================
Received Import Request.
  Time since last request: 15.062234 seconds.
  path: Assets/Realistic Tree/Prefabs/URP/Birch
  artifactKey: Guid(3b48ba0a66fd6e245ac520948dc27006) Importer(815301076,1909f56bfc062723c751e8b465ee728b)
Start importing Assets/Realistic Tree/Prefabs/URP/Birch using Guid(3b48ba0a66fd6e245ac520948dc27006) Importer(815301076,1909f56bfc062723c751e8b465ee728b)  -> (artifact id: '7121b05fde864def354ced89526ca235') in 0.000812 seconds
Number of updated asset objects reloaded before import = 0
Number of asset objects unloaded after import = 0
========================================================================
Received Import Request.
  Time since last request: 0.079506 seconds.
  path: Assets/Realistic Tree/Prefabs/URP/Birch/Birch 1.prefab
  artifactKey: Guid(6fcf7f27da01aba499a0be03812f9f67) Importer(815301076,1909f56bfc062723c751e8b465ee728b)
Start importing Assets/Realistic Tree/Prefabs/URP/Birch/Birch 1.prefab using Guid(6fcf7f27da01aba499a0be03812f9f67) Importer(815301076,1909f56bfc062723c751e8b465ee728b)  -> (artifact id: 'ff9bc4f0b162d2992806b7a787ee4119') in 0.211362 seconds
Number of updated asset objects reloaded before import = 0
Number of asset objects unloaded after import = 137
========================================================================
Received Import Request.
  Time since last request: 0.000021 seconds.
  path: Assets/Realistic Tree/Prefabs/URP/Birch/Birch 6.prefab
  artifactKey: Guid(affe17d38a3d2d54eac468a8349625db) Importer(815301076,1909f56bfc062723c751e8b465ee728b)
Start importing Assets/Realistic Tree/Prefabs/URP/Birch/Birch 6.prefab using Guid(affe17d38a3d2d54eac468a8349625db) Importer(815301076,1909f56bfc062723c751e8b465ee728b)  -> (artifact id: 'c5cc992897eb37c37b85e9ac893683ff') in 0.033372 seconds
Number of updated asset objects reloaded before import = 0
Number of asset objects unloaded after import = 137
========================================================================
Received Import Request.
  Time since last request: 0.000029 seconds.
  path: Assets/Realistic Tree/Prefabs/URP/Birch/Birch Group 1.prefab
  artifactKey: Guid(74f851ac0ac2e7a45bbc4b6fc6d2a1fe) Importer(815301076,1909f56bfc062723c751e8b465ee728b)
Start importing Assets/Realistic Tree/Prefabs/URP/Birch/Birch Group 1.prefab using Guid(74f851ac0ac2e7a45bbc4b6fc6d2a1fe) Importer(815301076,1909f56bfc062723c751e8b465ee728b)  -> (artifact id: 'e2fbaa11de0eec3e390955f80d62db78') in 0.036063 seconds
Number of updated asset objects reloaded before import = 0
Number of asset objects unloaded after import = 137
========================================================================
Received Import Request.
  Time since last request: 0.000018 seconds.
  path: Assets/Realistic Tree/Prefabs/URP/Birch/Birch 5.prefab
  artifactKey: Guid(80e6f5c1539d4224db7b9fbd16fc3022) Importer(815301076,1909f56bfc062723c751e8b465ee728b)
Start importing Assets/Realistic Tree/Prefabs/URP/Birch/Birch 5.prefab using Guid(80e6f5c1539d4224db7b9fbd16fc3022) Importer(815301076,1909f56bfc062723c751e8b465ee728b)  -> (artifact id: 'd80710e3ba103a1979f52517a555d48c') in 0.038615 seconds
Number of updated asset objects reloaded before import = 0
Number of asset objects unloaded after import = 137
========================================================================
Received Import Request.
  Time since last request: 4.723936 seconds.
  path: Assets/Realistic Tree/Prefabs/URP/Ash
  artifactKey: Guid(6bfa9772a87c6b04a9c6f89df8d047c6) Importer(815301076,1909f56bfc062723c751e8b465ee728b)
Start importing Assets/Realistic Tree/Prefabs/URP/Ash using Guid(6bfa9772a87c6b04a9c6f89df8d047c6) Importer(815301076,1909f56bfc062723c751e8b465ee728b)  -> (artifact id: '05d9a655b9aa3cb6385743db19b8a5a5') in 0.000968 seconds
Number of updated asset objects reloaded before import = 0
Number of asset objects unloaded after import = 0
========================================================================
Received Import Request.
  Time since last request: 0.657546 seconds.
  path: Assets/Realistic Tree/Prefabs/URP/Ash/Ash 1.prefab
  artifactKey: Guid(3bcf6e78553a7f54c8bf39912b4124e3) Importer(815301076,1909f56bfc062723c751e8b465ee728b)
Start importing Assets/Realistic Tree/Prefabs/URP/Ash/Ash 1.prefab using Guid(3bcf6e78553a7f54c8bf39912b4124e3) Importer(815301076,1909f56bfc062723c751e8b465ee728b)  -> (artifact id: '03f05eb904b184547fba09d292be5c1b') in 0.044737 seconds
Number of updated asset objects reloaded before import = 0
Number of asset objects unloaded after import = 138
========================================================================
Received Import Request.
  Time since last request: 0.000017 seconds.
  path: Assets/Realistic Tree/Prefabs/URP/Ash/Ash 6.prefab
  artifactKey: Guid(209b15dd421b315458b25e6457874d89) Importer(815301076,1909f56bfc062723c751e8b465ee728b)
Start importing Assets/Realistic Tree/Prefabs/URP/Ash/Ash 6.prefab using Guid(209b15dd421b315458b25e6457874d89) Importer(815301076,1909f56bfc062723c751e8b465ee728b)  -> (artifact id: 'c32e9eb88e351f8aaa3ef85ebfbafdf6') in 0.046319 seconds
Number of updated asset objects reloaded before import = 0
Number of asset objects unloaded after import = 138
